{"C:\\Users\\jacqu\\SCL021-burger-queen\\firebase\\firebase.js": {"path":"C:\\Users\\jacqu\\SCL021-burger-queen\\firebase\\firebase.js","all":false,"statementMap":{"0":{"start":{"line":1,"column":0},"end":{"line":1,"column":45}},"1":{"start":{"line":2,"column":0},"end":{"line":2,"column":130}},"2":{"start":{"line":3,"column":0},"end":{"line":3,"column":24}},"3":{"start":{"line":4,"column":0},"end":{"line":4,"column":52}},"4":{"start":{"line":5,"column":0},"end":{"line":5,"column":50}},"5":{"start":{"line":6,"column":0},"end":{"line":6,"column":33}},"6":{"start":{"line":7,"column":0},"end":{"line":7,"column":49}},"7":{"start":{"line":8,"column":0},"end":{"line":8,"column":36}},"8":{"start":{"line":9,"column":0},"end":{"line":9,"column":52}},"9":{"start":{"line":10,"column":0},"end":{"line":10,"column":2}},"10":{"start":{"line":11,"column":0},"end":{"line":11,"column":44}},"11":{"start":{"line":12,"column":0},"end":{"line":12,"column":31}},"12":{"start":{"line":13,"column":0},"end":{"line":13,"column":0}},"13":{"start":{"line":14,"column":0},"end":{"line":14,"column":39}},"14":{"start":{"line":15,"column":0},"end":{"line":15,"column":62}},"15":{"start":{"line":16,"column":0},"end":{"line":16,"column":40}},"16":{"start":{"line":17,"column":0},"end":{"line":17,"column":16}},"17":{"start":{"line":18,"column":0},"end":{"line":18,"column":23}},"18":{"start":{"line":19,"column":0},"end":{"line":19,"column":17}},"19":{"start":{"line":20,"column":0},"end":{"line":20,"column":41}},"20":{"start":{"line":21,"column":0},"end":{"line":21,"column":17}},"21":{"start":{"line":22,"column":0},"end":{"line":22,"column":17}},"22":{"start":{"line":23,"column":0},"end":{"line":23,"column":5}},"23":{"start":{"line":24,"column":0},"end":{"line":24,"column":1}},"24":{"start":{"line":25,"column":0},"end":{"line":25,"column":13}},"25":{"start":{"line":26,"column":0},"end":{"line":26,"column":30}},"26":{"start":{"line":27,"column":0},"end":{"line":27,"column":23}},"27":{"start":{"line":28,"column":0},"end":{"line":28,"column":82}},"28":{"start":{"line":29,"column":0},"end":{"line":29,"column":56}},"29":{"start":{"line":30,"column":0},"end":{"line":30,"column":36}},"30":{"start":{"line":31,"column":0},"end":{"line":31,"column":32}},"31":{"start":{"line":32,"column":0},"end":{"line":32,"column":4}},"32":{"start":{"line":33,"column":0},"end":{"line":33,"column":19}},"33":{"start":{"line":34,"column":0},"end":{"line":34,"column":1}},"34":{"start":{"line":35,"column":0},"end":{"line":35,"column":0}},"35":{"start":{"line":36,"column":0},"end":{"line":36,"column":39}},"36":{"start":{"line":37,"column":0},"end":{"line":37,"column":39}},"37":{"start":{"line":38,"column":0},"end":{"line":38,"column":39}},"38":{"start":{"line":39,"column":0},"end":{"line":39,"column":23}},"39":{"start":{"line":40,"column":0},"end":{"line":40,"column":1}},"40":{"start":{"line":41,"column":0},"end":{"line":41,"column":0}},"41":{"start":{"line":42,"column":0},"end":{"line":42,"column":49}},"42":{"start":{"line":43,"column":0},"end":{"line":43,"column":56}},"43":{"start":{"line":44,"column":0},"end":{"line":44,"column":26}},"44":{"start":{"line":45,"column":0},"end":{"line":45,"column":28}},"45":{"start":{"line":46,"column":0},"end":{"line":46,"column":22}},"46":{"start":{"line":47,"column":0},"end":{"line":47,"column":40}},"47":{"start":{"line":48,"column":0},"end":{"line":48,"column":22}},"48":{"start":{"line":49,"column":0},"end":{"line":49,"column":16}},"49":{"start":{"line":50,"column":0},"end":{"line":50,"column":17}},"50":{"start":{"line":51,"column":0},"end":{"line":51,"column":4}},"51":{"start":{"line":52,"column":0},"end":{"line":52,"column":1}},"52":{"start":{"line":53,"column":0},"end":{"line":53,"column":0}},"53":{"start":{"line":54,"column":0},"end":{"line":54,"column":42}},"54":{"start":{"line":55,"column":0},"end":{"line":55,"column":41}},"55":{"start":{"line":56,"column":0},"end":{"line":56,"column":1}},"56":{"start":{"line":57,"column":0},"end":{"line":57,"column":0}},"57":{"start":{"line":58,"column":0},"end":{"line":58,"column":36}},"58":{"start":{"line":59,"column":0},"end":{"line":59,"column":23}},"59":{"start":{"line":60,"column":0},"end":{"line":60,"column":88}},"60":{"start":{"line":61,"column":0},"end":{"line":61,"column":56}},"61":{"start":{"line":62,"column":0},"end":{"line":62,"column":36}},"62":{"start":{"line":63,"column":0},"end":{"line":63,"column":32}},"63":{"start":{"line":64,"column":0},"end":{"line":64,"column":4}},"64":{"start":{"line":65,"column":0},"end":{"line":65,"column":19}},"65":{"start":{"line":66,"column":0},"end":{"line":66,"column":1}},"66":{"start":{"line":67,"column":0},"end":{"line":67,"column":0}},"67":{"start":{"line":68,"column":0},"end":{"line":68,"column":0}},"68":{"start":{"line":69,"column":0},"end":{"line":69,"column":96}}},"s":{"0":1,"1":1,"2":1,"3":1,"4":1,"5":1,"6":1,"7":1,"8":1,"9":1,"10":1,"11":1,"12":1,"13":1,"14":1,"15":0,"16":0,"17":0,"18":0,"19":0,"20":0,"21":0,"22":0,"23":0,"24":1,"25":1,"26":0,"27":0,"28":0,"29":0,"30":0,"31":0,"32":0,"33":0,"34":1,"35":1,"36":0,"37":0,"38":0,"39":0,"40":1,"41":1,"42":0,"43":0,"44":0,"45":0,"46":0,"47":0,"48":0,"49":0,"50":0,"51":0,"52":1,"53":1,"54":0,"55":0,"56":1,"57":1,"58":5,"59":5,"60":5,"61":5,"62":20,"63":20,"64":5,"65":5,"66":1,"67":1,"68":1},"branchMap":{"0":{"type":"branch","line":58,"loc":{"start":{"line":58,"column":25},"end":{"line":66,"column":1}},"locations":[{"start":{"line":58,"column":25},"end":{"line":66,"column":1}}]},"1":{"type":"branch","line":62,"loc":{"start":{"line":62,"column":0},"end":{"line":66,"column":1}},"locations":[{"start":{"line":62,"column":0},"end":{"line":66,"column":1}}]},"2":{"type":"branch","line":62,"loc":{"start":{"line":62,"column":25},"end":{"line":64,"column":4}},"locations":[{"start":{"line":62,"column":25},"end":{"line":64,"column":4}}]}},"b":{"0":[5],"1":[5],"2":[20]},"fnMap":{"0":{"name":"newOrder","decl":{"start":{"line":15,"column":18},"end":{"line":24,"column":1}},"loc":{"start":{"line":15,"column":18},"end":{"line":24,"column":1}},"line":15},"1":{"name":"getOrders","decl":{"start":{"line":26,"column":19},"end":{"line":34,"column":1}},"loc":{"start":{"line":26,"column":19},"end":{"line":34,"column":1}},"line":26},"2":{"name":"getSelectedOrder","decl":{"start":{"line":36,"column":26},"end":{"line":40,"column":1}},"loc":{"start":{"line":36,"column":26},"end":{"line":40,"column":1}},"line":36},"3":{"name":"orderReady","decl":{"start":{"line":42,"column":20},"end":{"line":52,"column":1}},"loc":{"start":{"line":42,"column":20},"end":{"line":52,"column":1}},"line":42},"4":{"name":"deleteSelectedOrder","decl":{"start":{"line":54,"column":29},"end":{"line":56,"column":1}},"loc":{"start":{"line":54,"column":29},"end":{"line":56,"column":1}},"line":54},"5":{"name":"getReadyToServe","decl":{"start":{"line":58,"column":25},"end":{"line":66,"column":1}},"loc":{"start":{"line":58,"column":25},"end":{"line":66,"column":1}},"line":58}},"f":{"0":0,"1":0,"2":0,"3":0,"4":0,"5":5}}
,"C:\\Users\\jacqu\\SCL021-burger-queen\\src\\components\\Button.jsx": {"path":"C:\\Users\\jacqu\\SCL021-burger-queen\\src\\components\\Button.jsx","all":false,"statementMap":{"0":{"start":{"line":1,"column":0},"end":{"line":1,"column":26}},"1":{"start":{"line":2,"column":0},"end":{"line":2,"column":40}},"2":{"start":{"line":3,"column":0},"end":{"line":3,"column":41}},"3":{"start":{"line":4,"column":0},"end":{"line":4,"column":12}},"4":{"start":{"line":5,"column":0},"end":{"line":5,"column":10}},"5":{"start":{"line":6,"column":0},"end":{"line":6,"column":124}},"6":{"start":{"line":7,"column":0},"end":{"line":7,"column":11}},"7":{"start":{"line":8,"column":0},"end":{"line":8,"column":5}},"8":{"start":{"line":9,"column":0},"end":{"line":9,"column":1}}},"s":{"0":1,"1":1,"2":1,"3":2,"4":2,"5":2,"6":2,"7":2,"8":2},"branchMap":{"0":{"type":"branch","line":3,"loc":{"start":{"line":3,"column":23},"end":{"line":9,"column":1}},"locations":[{"start":{"line":3,"column":23},"end":{"line":9,"column":1}}]},"1":{"type":"branch","line":9,"loc":{"start":{"line":9,"column":0},"end":{"line":9,"column":1}},"locations":[{"start":{"line":9,"column":0},"end":{"line":9,"column":1}}]}},"b":{"0":[2],"1":[2]},"fnMap":{"0":{"name":"Button","decl":{"start":{"line":3,"column":23},"end":{"line":9,"column":1}},"loc":{"start":{"line":3,"column":23},"end":{"line":9,"column":1}},"line":3},"1":{"name":"get","decl":{"start":{"line":9,"column":0},"end":{"line":9,"column":1}},"loc":{"start":{"line":9,"column":0},"end":{"line":9,"column":1}},"line":9}},"f":{"0":2,"1":2}}
,"C:\\Users\\jacqu\\SCL021-burger-queen\\src\\components\\ListMenu.jsx": {"path":"C:\\Users\\jacqu\\SCL021-burger-queen\\src\\components\\ListMenu.jsx","all":false,"statementMap":{"0":{"start":{"line":1,"column":0},"end":{"line":1,"column":26}},"1":{"start":{"line":2,"column":0},"end":{"line":2,"column":33}},"2":{"start":{"line":3,"column":0},"end":{"line":3,"column":0}},"3":{"start":{"line":4,"column":0},"end":{"line":4,"column":30}},"4":{"start":{"line":5,"column":0},"end":{"line":5,"column":56}},"5":{"start":{"line":6,"column":0},"end":{"line":6,"column":34}},"6":{"start":{"line":7,"column":0},"end":{"line":7,"column":0}},"7":{"start":{"line":8,"column":0},"end":{"line":8,"column":57}},"8":{"start":{"line":9,"column":0},"end":{"line":9,"column":0}},"9":{"start":{"line":10,"column":0},"end":{"line":10,"column":65}},"10":{"start":{"line":11,"column":0},"end":{"line":11,"column":55}},"11":{"start":{"line":12,"column":0},"end":{"line":12,"column":32}},"12":{"start":{"line":13,"column":0},"end":{"line":13,"column":34}},"13":{"start":{"line":14,"column":0},"end":{"line":14,"column":5}},"14":{"start":{"line":15,"column":0},"end":{"line":15,"column":0}},"15":{"start":{"line":16,"column":0},"end":{"line":16,"column":41}},"16":{"start":{"line":17,"column":0},"end":{"line":17,"column":33}},"17":{"start":{"line":18,"column":0},"end":{"line":18,"column":45}},"18":{"start":{"line":19,"column":0},"end":{"line":19,"column":61}},"19":{"start":{"line":20,"column":0},"end":{"line":20,"column":67}},"20":{"start":{"line":21,"column":0},"end":{"line":21,"column":75}},"21":{"start":{"line":22,"column":0},"end":{"line":22,"column":31}},"22":{"start":{"line":23,"column":0},"end":{"line":23,"column":0}},"23":{"start":{"line":24,"column":0},"end":{"line":24,"column":23}},"24":{"start":{"line":25,"column":0},"end":{"line":25,"column":31}},"25":{"start":{"line":26,"column":0},"end":{"line":26,"column":29}},"26":{"start":{"line":27,"column":0},"end":{"line":27,"column":30}},"27":{"start":{"line":28,"column":0},"end":{"line":28,"column":9}},"28":{"start":{"line":29,"column":0},"end":{"line":29,"column":28}},"29":{"start":{"line":30,"column":0},"end":{"line":30,"column":32}},"30":{"start":{"line":31,"column":0},"end":{"line":31,"column":23}},"31":{"start":{"line":32,"column":0},"end":{"line":32,"column":9}},"32":{"start":{"line":33,"column":0},"end":{"line":33,"column":28}},"33":{"start":{"line":34,"column":0},"end":{"line":34,"column":32}},"34":{"start":{"line":35,"column":0},"end":{"line":35,"column":23}},"35":{"start":{"line":36,"column":0},"end":{"line":36,"column":9}},"36":{"start":{"line":37,"column":0},"end":{"line":37,"column":38}},"37":{"start":{"line":38,"column":0},"end":{"line":38,"column":37}},"38":{"start":{"line":39,"column":0},"end":{"line":39,"column":35}},"39":{"start":{"line":40,"column":0},"end":{"line":40,"column":43}},"40":{"start":{"line":41,"column":0},"end":{"line":41,"column":29}},"41":{"start":{"line":42,"column":0},"end":{"line":42,"column":34}},"42":{"start":{"line":43,"column":0},"end":{"line":43,"column":42}},"43":{"start":{"line":44,"column":0},"end":{"line":44,"column":26}},"44":{"start":{"line":45,"column":0},"end":{"line":45,"column":35}},"45":{"start":{"line":46,"column":0},"end":{"line":46,"column":44}},"46":{"start":{"line":47,"column":0},"end":{"line":47,"column":14}},"47":{"start":{"line":48,"column":0},"end":{"line":48,"column":57}},"48":{"start":{"line":49,"column":0},"end":{"line":49,"column":57}},"49":{"start":{"line":50,"column":0},"end":{"line":50,"column":10}},"50":{"start":{"line":51,"column":0},"end":{"line":51,"column":90}},"51":{"start":{"line":52,"column":0},"end":{"line":52,"column":12}},"52":{"start":{"line":53,"column":0},"end":{"line":53,"column":25}},"53":{"start":{"line":54,"column":0},"end":{"line":54,"column":75}},"54":{"start":{"line":55,"column":0},"end":{"line":55,"column":39}},"55":{"start":{"line":56,"column":0},"end":{"line":56,"column":31}},"56":{"start":{"line":57,"column":0},"end":{"line":57,"column":36}},"57":{"start":{"line":58,"column":0},"end":{"line":58,"column":44}},"58":{"start":{"line":59,"column":0},"end":{"line":59,"column":33}},"59":{"start":{"line":60,"column":0},"end":{"line":60,"column":62}},"60":{"start":{"line":61,"column":0},"end":{"line":61,"column":21}},"61":{"start":{"line":62,"column":0},"end":{"line":62,"column":18}},"62":{"start":{"line":63,"column":0},"end":{"line":63,"column":14}},"63":{"start":{"line":64,"column":0},"end":{"line":64,"column":29}},"64":{"start":{"line":65,"column":0},"end":{"line":65,"column":46}},"65":{"start":{"line":66,"column":0},"end":{"line":66,"column":29}},"66":{"start":{"line":67,"column":0},"end":{"line":67,"column":80}},"67":{"start":{"line":68,"column":0},"end":{"line":68,"column":43}},"68":{"start":{"line":69,"column":0},"end":{"line":69,"column":35}},"69":{"start":{"line":70,"column":0},"end":{"line":70,"column":45}},"70":{"start":{"line":71,"column":0},"end":{"line":71,"column":48}},"71":{"start":{"line":72,"column":0},"end":{"line":72,"column":37}},"72":{"start":{"line":73,"column":0},"end":{"line":73,"column":66}},"73":{"start":{"line":74,"column":0},"end":{"line":74,"column":25}},"74":{"start":{"line":75,"column":0},"end":{"line":75,"column":21}},"75":{"start":{"line":76,"column":0},"end":{"line":76,"column":18}},"76":{"start":{"line":77,"column":0},"end":{"line":77,"column":30}},"77":{"start":{"line":78,"column":0},"end":{"line":78,"column":47}},"78":{"start":{"line":79,"column":0},"end":{"line":79,"column":33}},"79":{"start":{"line":80,"column":0},"end":{"line":80,"column":84}},"80":{"start":{"line":81,"column":0},"end":{"line":81,"column":47}},"81":{"start":{"line":82,"column":0},"end":{"line":82,"column":39}},"82":{"start":{"line":83,"column":0},"end":{"line":83,"column":49}},"83":{"start":{"line":84,"column":0},"end":{"line":84,"column":52}},"84":{"start":{"line":85,"column":0},"end":{"line":85,"column":41}},"85":{"start":{"line":86,"column":0},"end":{"line":86,"column":70}},"86":{"start":{"line":87,"column":0},"end":{"line":87,"column":29}},"87":{"start":{"line":88,"column":0},"end":{"line":88,"column":25}},"88":{"start":{"line":89,"column":0},"end":{"line":89,"column":22}},"89":{"start":{"line":90,"column":0},"end":{"line":90,"column":37}},"90":{"start":{"line":91,"column":0},"end":{"line":91,"column":54}},"91":{"start":{"line":92,"column":0},"end":{"line":92,"column":22}},"92":{"start":{"line":93,"column":0},"end":{"line":93,"column":31}},"93":{"start":{"line":94,"column":0},"end":{"line":94,"column":44}},"94":{"start":{"line":95,"column":0},"end":{"line":95,"column":49}},"95":{"start":{"line":96,"column":0},"end":{"line":96,"column":63}},"96":{"start":{"line":97,"column":0},"end":{"line":97,"column":41}},"97":{"start":{"line":98,"column":0},"end":{"line":98,"column":51}},"98":{"start":{"line":99,"column":0},"end":{"line":99,"column":52}},"99":{"start":{"line":100,"column":0},"end":{"line":100,"column":51}},"100":{"start":{"line":101,"column":0},"end":{"line":101,"column":39}},"101":{"start":{"line":102,"column":0},"end":{"line":102,"column":26}},"102":{"start":{"line":103,"column":0},"end":{"line":103,"column":22}},"103":{"start":{"line":104,"column":0},"end":{"line":104,"column":18}},"104":{"start":{"line":105,"column":0},"end":{"line":105,"column":16}},"105":{"start":{"line":106,"column":0},"end":{"line":106,"column":9}},"106":{"start":{"line":107,"column":0},"end":{"line":107,"column":31}},"107":{"start":{"line":108,"column":0},"end":{"line":108,"column":113}},"108":{"start":{"line":109,"column":0},"end":{"line":109,"column":16}},"109":{"start":{"line":110,"column":0},"end":{"line":110,"column":38}},"110":{"start":{"line":111,"column":0},"end":{"line":111,"column":68}},"111":{"start":{"line":112,"column":0},"end":{"line":112,"column":81}},"112":{"start":{"line":113,"column":0},"end":{"line":113,"column":30}},"113":{"start":{"line":114,"column":0},"end":{"line":114,"column":9}},"114":{"start":{"line":115,"column":0},"end":{"line":115,"column":5}},"115":{"start":{"line":116,"column":0},"end":{"line":116,"column":0}},"116":{"start":{"line":117,"column":0},"end":{"line":117,"column":12}},"117":{"start":{"line":118,"column":0},"end":{"line":118,"column":10}},"118":{"start":{"line":119,"column":0},"end":{"line":119,"column":103}},"119":{"start":{"line":120,"column":0},"end":{"line":120,"column":64}},"120":{"start":{"line":121,"column":0},"end":{"line":121,"column":127}},"121":{"start":{"line":122,"column":0},"end":{"line":122,"column":17}},"122":{"start":{"line":123,"column":0},"end":{"line":123,"column":109}},"123":{"start":{"line":124,"column":0},"end":{"line":124,"column":41}},"124":{"start":{"line":125,"column":0},"end":{"line":125,"column":13}},"125":{"start":{"line":126,"column":0},"end":{"line":126,"column":159}},"126":{"start":{"line":127,"column":0},"end":{"line":127,"column":36}},"127":{"start":{"line":128,"column":0},"end":{"line":128,"column":52}},"128":{"start":{"line":129,"column":0},"end":{"line":129,"column":110}},"129":{"start":{"line":130,"column":0},"end":{"line":130,"column":111}},"130":{"start":{"line":131,"column":0},"end":{"line":131,"column":116}},"131":{"start":{"line":132,"column":0},"end":{"line":132,"column":23}},"132":{"start":{"line":133,"column":0},"end":{"line":133,"column":13}},"133":{"start":{"line":134,"column":0},"end":{"line":134,"column":9}},"134":{"start":{"line":135,"column":0},"end":{"line":135,"column":8}},"135":{"start":{"line":136,"column":0},"end":{"line":136,"column":18}},"136":{"start":{"line":137,"column":0},"end":{"line":137,"column":11}},"137":{"start":{"line":138,"column":0},"end":{"line":138,"column":5}},"138":{"start":{"line":139,"column":0},"end":{"line":139,"column":1}}},"s":{"0":1,"1":1,"2":1,"3":1,"4":1,"5":1,"6":1,"7":1,"8":39,"9":39,"10":39,"11":39,"12":2,"13":2,"14":39,"15":39,"16":39,"17":1,"18":1,"19":1,"20":1,"21":1,"22":1,"23":1,"24":1,"25":1,"26":1,"27":1,"28":1,"29":1,"30":1,"31":1,"32":1,"33":1,"34":1,"35":1,"36":1,"37":1,"38":1,"39":1,"40":1,"41":1,"42":1,"43":1,"44":1,"45":1,"46":1,"47":1,"48":1,"49":1,"50":1,"51":0,"52":0,"53":0,"54":0,"55":0,"56":0,"57":0,"58":0,"59":0,"60":0,"61":0,"62":0,"63":0,"64":0,"65":0,"66":0,"67":0,"68":0,"69":0,"70":0,"71":0,"72":0,"73":0,"74":0,"75":0,"76":0,"77":0,"78":0,"79":0,"80":0,"81":0,"82":0,"83":0,"84":0,"85":0,"86":0,"87":0,"88":0,"89":0,"90":0,"91":0,"92":0,"93":0,"94":0,"95":0,"96":0,"97":0,"98":0,"99":0,"100":0,"101":0,"102":0,"103":0,"104":0,"105":0,"106":1,"107":1,"108":1,"109":0,"110":0,"111":0,"112":0,"113":0,"114":1,"115":39,"116":39,"117":39,"118":39,"119":39,"120":39,"121":39,"122":39,"123":39,"124":99,"125":99,"126":99,"127":99,"128":99,"129":99,"130":99,"131":99,"132":99,"133":39,"134":39,"135":39,"136":39,"137":39,"138":36},"branchMap":{"0":{"type":"branch","line":8,"loc":{"start":{"line":8,"column":25},"end":{"line":139,"column":1}},"locations":[{"start":{"line":8,"column":25},"end":{"line":139,"column":1}}]},"1":{"type":"branch","line":123,"loc":{"start":{"line":123,"column":85},"end":{"line":123,"column":103}},"locations":[{"start":{"line":123,"column":85},"end":{"line":123,"column":103}}]},"2":{"type":"branch","line":123,"loc":{"start":{"line":123,"column":92},"end":{"line":123,"column":108}},"locations":[{"start":{"line":123,"column":92},"end":{"line":123,"column":108}}]},"3":{"type":"branch","line":12,"loc":{"start":{"line":12,"column":25},"end":{"line":14,"column":5}},"locations":[{"start":{"line":12,"column":25},"end":{"line":14,"column":5}}]},"4":{"type":"branch","line":17,"loc":{"start":{"line":17,"column":22},"end":{"line":115,"column":5}},"locations":[{"start":{"line":17,"column":22},"end":{"line":115,"column":5}}]},"5":{"type":"branch","line":51,"loc":{"start":{"line":51,"column":89},"end":{"line":106,"column":9}},"locations":[{"start":{"line":51,"column":89},"end":{"line":106,"column":9}}]},"6":{"type":"branch","line":109,"loc":{"start":{"line":109,"column":8},"end":{"line":114,"column":9}},"locations":[{"start":{"line":109,"column":8},"end":{"line":114,"column":9}}]},"7":{"type":"branch","line":119,"loc":{"start":{"line":119,"column":73},"end":{"line":119,"column":102}},"locations":[{"start":{"line":119,"column":73},"end":{"line":119,"column":102}}]},"8":{"type":"branch","line":124,"loc":{"start":{"line":124,"column":29},"end":{"line":133,"column":13}},"locations":[{"start":{"line":124,"column":29},"end":{"line":133,"column":13}}]},"9":{"type":"branch","line":126,"loc":{"start":{"line":126,"column":133},"end":{"line":126,"column":158}},"locations":[{"start":{"line":126,"column":133},"end":{"line":126,"column":158}}]},"10":{"type":"branch","line":139,"loc":{"start":{"line":139,"column":0},"end":{"line":139,"column":1}},"locations":[{"start":{"line":139,"column":0},"end":{"line":139,"column":1}}]}},"b":{"0":[39],"1":[4],"2":[34],"3":[2],"4":[1],"5":[0],"6":[0],"7":[2],"8":[99],"9":[1],"10":[36]},"fnMap":{"0":{"name":"ListMenu","decl":{"start":{"line":8,"column":25},"end":{"line":139,"column":1}},"loc":{"start":{"line":8,"column":25},"end":{"line":139,"column":1}},"line":8},"1":{"name":"dropDownStay","decl":{"start":{"line":12,"column":25},"end":{"line":14,"column":5}},"loc":{"start":{"line":12,"column":25},"end":{"line":14,"column":5}},"line":12},"2":{"name":"addOrder","decl":{"start":{"line":17,"column":22},"end":{"line":115,"column":5}},"loc":{"start":{"line":17,"column":22},"end":{"line":115,"column":5}},"line":17},"3":{"name":"inputValidator","decl":{"start":{"line":58,"column":33},"end":{"line":62,"column":18}},"loc":{"start":{"line":58,"column":33},"end":{"line":62,"column":18}},"line":58},"4":{"name":"onClick","decl":{"start":{"line":119,"column":73},"end":{"line":119,"column":102}},"loc":{"start":{"line":119,"column":73},"end":{"line":119,"column":102}},"line":119},"5":{"name":"onClick","decl":{"start":{"line":126,"column":133},"end":{"line":126,"column":158}},"loc":{"start":{"line":126,"column":133},"end":{"line":126,"column":158}},"line":126},"6":{"name":"get","decl":{"start":{"line":139,"column":0},"end":{"line":139,"column":1}},"loc":{"start":{"line":139,"column":0},"end":{"line":139,"column":1}},"line":139}},"f":{"0":39,"1":2,"2":1,"3":0,"4":2,"5":1,"6":36}}
,"C:\\Users\\jacqu\\SCL021-burger-queen\\src\\components\\MenuCategories.jsx": {"path":"C:\\Users\\jacqu\\SCL021-burger-queen\\src\\components\\MenuCategories.jsx","all":false,"statementMap":{"0":{"start":{"line":1,"column":0},"end":{"line":1,"column":26}},"1":{"start":{"line":2,"column":0},"end":{"line":2,"column":34}},"2":{"start":{"line":3,"column":0},"end":{"line":3,"column":0}},"3":{"start":{"line":4,"column":0},"end":{"line":4,"column":44}},"4":{"start":{"line":5,"column":0},"end":{"line":5,"column":38}},"5":{"start":{"line":6,"column":0},"end":{"line":6,"column":47}},"6":{"start":{"line":7,"column":0},"end":{"line":7,"column":0}},"7":{"start":{"line":8,"column":0},"end":{"line":8,"column":65}},"8":{"start":{"line":9,"column":0},"end":{"line":9,"column":45}},"9":{"start":{"line":10,"column":0},"end":{"line":10,"column":38}},"10":{"start":{"line":11,"column":0},"end":{"line":11,"column":30}},"11":{"start":{"line":12,"column":0},"end":{"line":12,"column":4}},"12":{"start":{"line":13,"column":0},"end":{"line":13,"column":0}},"13":{"start":{"line":14,"column":0},"end":{"line":14,"column":6}},"14":{"start":{"line":15,"column":0},"end":{"line":15,"column":32}},"15":{"start":{"line":16,"column":0},"end":{"line":16,"column":54}},"16":{"start":{"line":17,"column":0},"end":{"line":17,"column":25}},"17":{"start":{"line":18,"column":0},"end":{"line":18,"column":12}},"18":{"start":{"line":19,"column":0},"end":{"line":19,"column":10}},"19":{"start":{"line":20,"column":0},"end":{"line":20,"column":34}},"20":{"start":{"line":21,"column":0},"end":{"line":21,"column":34}},"21":{"start":{"line":22,"column":0},"end":{"line":22,"column":13}},"22":{"start":{"line":23,"column":0},"end":{"line":23,"column":51}},"23":{"start":{"line":24,"column":0},"end":{"line":24,"column":21}},"24":{"start":{"line":25,"column":0},"end":{"line":25,"column":34}},"25":{"start":{"line":26,"column":0},"end":{"line":26,"column":42}},"26":{"start":{"line":27,"column":0},"end":{"line":27,"column":38}},"27":{"start":{"line":28,"column":0},"end":{"line":28,"column":44}},"28":{"start":{"line":29,"column":0},"end":{"line":29,"column":26}},"29":{"start":{"line":30,"column":0},"end":{"line":30,"column":21}},"30":{"start":{"line":31,"column":0},"end":{"line":31,"column":17}},"31":{"start":{"line":32,"column":0},"end":{"line":32,"column":13}},"32":{"start":{"line":33,"column":0},"end":{"line":33,"column":0}},"33":{"start":{"line":34,"column":0},"end":{"line":34,"column":18}},"34":{"start":{"line":35,"column":0},"end":{"line":35,"column":17}},"35":{"start":{"line":36,"column":0},"end":{"line":36,"column":42}},"36":{"start":{"line":37,"column":0},"end":{"line":37,"column":20}},"37":{"start":{"line":38,"column":0},"end":{"line":38,"column":55}},"38":{"start":{"line":39,"column":0},"end":{"line":39,"column":25}},"39":{"start":{"line":40,"column":0},"end":{"line":40,"column":38}},"40":{"start":{"line":41,"column":0},"end":{"line":41,"column":46}},"41":{"start":{"line":42,"column":0},"end":{"line":42,"column":42}},"42":{"start":{"line":43,"column":0},"end":{"line":43,"column":48}},"43":{"start":{"line":44,"column":0},"end":{"line":44,"column":30}},"44":{"start":{"line":45,"column":0},"end":{"line":45,"column":25}},"45":{"start":{"line":46,"column":0},"end":{"line":46,"column":21}},"46":{"start":{"line":47,"column":0},"end":{"line":47,"column":17}},"47":{"start":{"line":48,"column":0},"end":{"line":48,"column":4}},"48":{"start":{"line":49,"column":0},"end":{"line":49,"column":22}},"49":{"start":{"line":50,"column":0},"end":{"line":50,"column":14}},"50":{"start":{"line":51,"column":0},"end":{"line":51,"column":11}},"51":{"start":{"line":52,"column":0},"end":{"line":52,"column":5}},"52":{"start":{"line":53,"column":0},"end":{"line":53,"column":1}}},"s":{"0":1,"1":1,"2":1,"3":1,"4":1,"5":1,"6":1,"7":1,"8":10,"9":10,"10":10,"11":10,"12":10,"13":10,"14":10,"15":10,"16":10,"17":10,"18":10,"19":10,"20":6,"21":6,"22":6,"23":24,"24":24,"25":24,"26":24,"27":24,"28":24,"29":24,"30":6,"31":3,"32":3,"33":3,"34":3,"35":3,"36":3,"37":3,"38":12,"39":12,"40":12,"41":12,"42":12,"43":12,"44":12,"45":3,"46":10,"47":10,"48":10,"49":10,"50":10,"51":10,"52":9},"branchMap":{"0":{"type":"branch","line":8,"loc":{"start":{"line":8,"column":31},"end":{"line":53,"column":1}},"locations":[{"start":{"line":8,"column":31},"end":{"line":53,"column":1}}]},"1":{"type":"branch","line":20,"loc":{"start":{"line":20,"column":9},"end":{"line":31,"column":17}},"locations":[{"start":{"line":20,"column":9},"end":{"line":31,"column":17}}]},"2":{"type":"branch","line":32,"loc":{"start":{"line":32,"column":-2},"end":{"line":46,"column":21}},"locations":[{"start":{"line":32,"column":-2},"end":{"line":46,"column":21}}]},"3":{"type":"branch","line":23,"loc":{"start":{"line":23,"column":40},"end":{"line":30,"column":21}},"locations":[{"start":{"line":23,"column":40},"end":{"line":30,"column":21}}]},"4":{"type":"branch","line":38,"loc":{"start":{"line":38,"column":44},"end":{"line":45,"column":25}},"locations":[{"start":{"line":38,"column":44},"end":{"line":45,"column":25}}]},"5":{"type":"branch","line":53,"loc":{"start":{"line":53,"column":0},"end":{"line":53,"column":1}},"locations":[{"start":{"line":53,"column":0},"end":{"line":53,"column":1}}]}},"b":{"0":[10],"1":[6],"2":[3],"3":[24],"4":[12],"5":[9]},"fnMap":{"0":{"name":"MenuCategories","decl":{"start":{"line":8,"column":31},"end":{"line":53,"column":1}},"loc":{"start":{"line":8,"column":31},"end":{"line":53,"column":1}},"line":8},"1":{"name":"get","decl":{"start":{"line":53,"column":0},"end":{"line":53,"column":1}},"loc":{"start":{"line":53,"column":0},"end":{"line":53,"column":1}},"line":53}},"f":{"0":10,"1":9}}
,"C:\\Users\\jacqu\\SCL021-burger-queen\\src\\components\\OrderItems.jsx": {"path":"C:\\Users\\jacqu\\SCL021-burger-queen\\src\\components\\OrderItems.jsx","all":false,"statementMap":{"0":{"start":{"line":1,"column":0},"end":{"line":1,"column":34}},"1":{"start":{"line":2,"column":0},"end":{"line":2,"column":0}},"2":{"start":{"line":3,"column":0},"end":{"line":3,"column":50}},"3":{"start":{"line":4,"column":0},"end":{"line":4,"column":59}},"4":{"start":{"line":5,"column":0},"end":{"line":5,"column":35}},"5":{"start":{"line":6,"column":0},"end":{"line":6,"column":60}},"6":{"start":{"line":7,"column":0},"end":{"line":7,"column":74}},"7":{"start":{"line":8,"column":0},"end":{"line":8,"column":29}},"8":{"start":{"line":9,"column":0},"end":{"line":9,"column":5}},"9":{"start":{"line":10,"column":0},"end":{"line":10,"column":4}},"10":{"start":{"line":11,"column":0},"end":{"line":11,"column":12}},"11":{"start":{"line":12,"column":0},"end":{"line":12,"column":10}},"12":{"start":{"line":13,"column":0},"end":{"line":13,"column":14}},"13":{"start":{"line":14,"column":0},"end":{"line":14,"column":43}},"14":{"start":{"line":15,"column":0},"end":{"line":15,"column":22}},"15":{"start":{"line":16,"column":0},"end":{"line":16,"column":67}},"16":{"start":{"line":17,"column":0},"end":{"line":17,"column":144}},"17":{"start":{"line":18,"column":0},"end":{"line":18,"column":86}},"18":{"start":{"line":19,"column":0},"end":{"line":19,"column":115}},"19":{"start":{"line":20,"column":0},"end":{"line":20,"column":111}},"20":{"start":{"line":21,"column":0},"end":{"line":21,"column":103}},"21":{"start":{"line":22,"column":0},"end":{"line":22,"column":26}},"22":{"start":{"line":23,"column":0},"end":{"line":23,"column":68}},"23":{"start":{"line":24,"column":0},"end":{"line":24,"column":79}},"24":{"start":{"line":25,"column":0},"end":{"line":25,"column":111}},"25":{"start":{"line":26,"column":0},"end":{"line":26,"column":111}},"26":{"start":{"line":27,"column":0},"end":{"line":27,"column":34}},"27":{"start":{"line":28,"column":0},"end":{"line":28,"column":37}},"28":{"start":{"line":29,"column":0},"end":{"line":29,"column":27}},"29":{"start":{"line":30,"column":0},"end":{"line":30,"column":33}},"30":{"start":{"line":31,"column":0},"end":{"line":31,"column":20}},"31":{"start":{"line":32,"column":0},"end":{"line":32,"column":23}},"32":{"start":{"line":33,"column":0},"end":{"line":33,"column":18}},"33":{"start":{"line":34,"column":0},"end":{"line":34,"column":22}},"34":{"start":{"line":35,"column":0},"end":{"line":35,"column":11}},"35":{"start":{"line":36,"column":0},"end":{"line":36,"column":5}},"36":{"start":{"line":37,"column":0},"end":{"line":37,"column":1}}},"s":{"0":1,"1":1,"2":1,"3":10,"4":10,"5":0,"6":0,"7":0,"8":0,"9":10,"10":10,"11":10,"12":10,"13":10,"14":1,"15":1,"16":1,"17":1,"18":1,"19":1,"20":1,"21":0,"22":0,"23":0,"24":0,"25":0,"26":0,"27":0,"28":1,"29":1,"30":1,"31":1,"32":1,"33":10,"34":10,"35":10,"36":9},"branchMap":{"0":{"type":"branch","line":3,"loc":{"start":{"line":3,"column":27},"end":{"line":37,"column":1}},"locations":[{"start":{"line":3,"column":27},"end":{"line":37,"column":1}}]},"1":{"type":"branch","line":14,"loc":{"start":{"line":14,"column":16},"end":{"line":33,"column":18}},"locations":[{"start":{"line":14,"column":16},"end":{"line":33,"column":18}}]},"2":{"type":"branch","line":33,"loc":{"start":{"line":33,"column":17},"end":{"line":34,"column":21}},"locations":[{"start":{"line":33,"column":17},"end":{"line":34,"column":21}}]},"3":{"type":"branch","line":14,"loc":{"start":{"line":14,"column":34},"end":{"line":33,"column":18}},"locations":[{"start":{"line":14,"column":34},"end":{"line":33,"column":18}}]},"4":{"type":"branch","line":21,"loc":{"start":{"line":21,"column":80},"end":{"line":28,"column":37}},"locations":[{"start":{"line":21,"column":80},"end":{"line":28,"column":37}}]},"5":{"type":"branch","line":37,"loc":{"start":{"line":37,"column":0},"end":{"line":37,"column":1}},"locations":[{"start":{"line":37,"column":0},"end":{"line":37,"column":1}}]}},"b":{"0":[10],"1":[9],"2":[0],"3":[1],"4":[0],"5":[9]},"fnMap":{"0":{"name":"OrderItems","decl":{"start":{"line":3,"column":27},"end":{"line":37,"column":1}},"loc":{"start":{"line":3,"column":27},"end":{"line":37,"column":1}},"line":3},"1":{"name":"deleteItem","decl":{"start":{"line":5,"column":24},"end":{"line":9,"column":5}},"loc":{"start":{"line":5,"column":24},"end":{"line":9,"column":5}},"line":5},"2":{"name":"onClick","decl":{"start":{"line":17,"column":95},"end":{"line":17,"column":124}},"loc":{"start":{"line":17,"column":95},"end":{"line":17,"column":124}},"line":17},"3":{"name":"get","decl":{"start":{"line":37,"column":0},"end":{"line":37,"column":1}},"loc":{"start":{"line":37,"column":0},"end":{"line":37,"column":1}},"line":37}},"f":{"0":10,"1":0,"2":0,"3":9}}
,"C:\\Users\\jacqu\\SCL021-burger-queen\\src\\components\\OrderList.jsx": {"path":"C:\\Users\\jacqu\\SCL021-burger-queen\\src\\components\\OrderList.jsx","all":false,"statementMap":{"0":{"start":{"line":1,"column":0},"end":{"line":1,"column":26}},"1":{"start":{"line":2,"column":0},"end":{"line":2,"column":30}},"2":{"start":{"line":3,"column":0},"end":{"line":3,"column":56}},"3":{"start":{"line":4,"column":0},"end":{"line":4,"column":34}},"4":{"start":{"line":5,"column":0},"end":{"line":5,"column":0}},"5":{"start":{"line":6,"column":0},"end":{"line":6,"column":51}},"6":{"start":{"line":7,"column":0},"end":{"line":7,"column":42}},"7":{"start":{"line":8,"column":0},"end":{"line":8,"column":33}},"8":{"start":{"line":9,"column":0},"end":{"line":9,"column":0}},"9":{"start":{"line":10,"column":0},"end":{"line":10,"column":49}},"10":{"start":{"line":11,"column":0},"end":{"line":11,"column":0}},"11":{"start":{"line":12,"column":0},"end":{"line":12,"column":49}},"12":{"start":{"line":13,"column":0},"end":{"line":13,"column":42}},"13":{"start":{"line":14,"column":0},"end":{"line":14,"column":0}},"14":{"start":{"line":15,"column":0},"end":{"line":15,"column":0}},"15":{"start":{"line":16,"column":0},"end":{"line":16,"column":39}},"16":{"start":{"line":17,"column":0},"end":{"line":17,"column":36}},"17":{"start":{"line":18,"column":0},"end":{"line":18,"column":8}},"18":{"start":{"line":19,"column":0},"end":{"line":19,"column":5}},"19":{"start":{"line":20,"column":0},"end":{"line":20,"column":38}},"20":{"start":{"line":21,"column":0},"end":{"line":21,"column":39}},"21":{"start":{"line":22,"column":0},"end":{"line":22,"column":5}},"22":{"start":{"line":23,"column":0},"end":{"line":23,"column":30}},"23":{"start":{"line":24,"column":0},"end":{"line":24,"column":20}},"24":{"start":{"line":25,"column":0},"end":{"line":25,"column":23}},"25":{"start":{"line":26,"column":0},"end":{"line":26,"column":5}},"26":{"start":{"line":27,"column":0},"end":{"line":27,"column":0}},"27":{"start":{"line":28,"column":0},"end":{"line":28,"column":41}},"28":{"start":{"line":29,"column":0},"end":{"line":29,"column":34}},"29":{"start":{"line":30,"column":0},"end":{"line":30,"column":28}},"30":{"start":{"line":31,"column":0},"end":{"line":31,"column":29}},"31":{"start":{"line":32,"column":0},"end":{"line":32,"column":63}},"32":{"start":{"line":33,"column":0},"end":{"line":33,"column":94}},"33":{"start":{"line":34,"column":0},"end":{"line":34,"column":30}},"34":{"start":{"line":35,"column":0},"end":{"line":35,"column":37}},"35":{"start":{"line":36,"column":0},"end":{"line":36,"column":44}},"36":{"start":{"line":37,"column":0},"end":{"line":37,"column":33}},"37":{"start":{"line":38,"column":0},"end":{"line":38,"column":38}},"38":{"start":{"line":39,"column":0},"end":{"line":39,"column":46}},"39":{"start":{"line":40,"column":0},"end":{"line":40,"column":0}},"40":{"start":{"line":41,"column":0},"end":{"line":41,"column":14}},"41":{"start":{"line":42,"column":0},"end":{"line":42,"column":38}},"42":{"start":{"line":43,"column":0},"end":{"line":43,"column":25}},"43":{"start":{"line":44,"column":0},"end":{"line":44,"column":63}},"44":{"start":{"line":45,"column":0},"end":{"line":45,"column":80}},"45":{"start":{"line":46,"column":0},"end":{"line":46,"column":30}},"46":{"start":{"line":47,"column":0},"end":{"line":47,"column":37}},"47":{"start":{"line":48,"column":0},"end":{"line":48,"column":44}},"48":{"start":{"line":49,"column":0},"end":{"line":49,"column":33}},"49":{"start":{"line":50,"column":0},"end":{"line":50,"column":38}},"50":{"start":{"line":51,"column":0},"end":{"line":51,"column":46}},"51":{"start":{"line":52,"column":0},"end":{"line":52,"column":14}},"52":{"start":{"line":53,"column":0},"end":{"line":53,"column":15}},"53":{"start":{"line":54,"column":0},"end":{"line":54,"column":63}},"54":{"start":{"line":55,"column":0},"end":{"line":55,"column":25}},"55":{"start":{"line":56,"column":0},"end":{"line":56,"column":29}},"56":{"start":{"line":57,"column":0},"end":{"line":57,"column":69}},"57":{"start":{"line":58,"column":0},"end":{"line":58,"column":89}},"58":{"start":{"line":59,"column":0},"end":{"line":59,"column":36}},"59":{"start":{"line":60,"column":0},"end":{"line":60,"column":41}},"60":{"start":{"line":61,"column":0},"end":{"line":61,"column":48}},"61":{"start":{"line":62,"column":0},"end":{"line":62,"column":37}},"62":{"start":{"line":63,"column":0},"end":{"line":63,"column":42}},"63":{"start":{"line":64,"column":0},"end":{"line":64,"column":50}},"64":{"start":{"line":65,"column":0},"end":{"line":65,"column":18}},"65":{"start":{"line":66,"column":0},"end":{"line":66,"column":14}},"66":{"start":{"line":67,"column":0},"end":{"line":67,"column":26}},"67":{"start":{"line":68,"column":0},"end":{"line":68,"column":32}},"68":{"start":{"line":69,"column":0},"end":{"line":69,"column":14}},"69":{"start":{"line":70,"column":0},"end":{"line":70,"column":9}},"70":{"start":{"line":71,"column":0},"end":{"line":71,"column":5}},"71":{"start":{"line":72,"column":0},"end":{"line":72,"column":0}},"72":{"start":{"line":73,"column":0},"end":{"line":73,"column":12}},"73":{"start":{"line":74,"column":0},"end":{"line":74,"column":10}},"74":{"start":{"line":75,"column":0},"end":{"line":75,"column":29}},"75":{"start":{"line":76,"column":0},"end":{"line":76,"column":34}},"76":{"start":{"line":77,"column":0},"end":{"line":77,"column":138}},"77":{"start":{"line":78,"column":0},"end":{"line":78,"column":32}},"78":{"start":{"line":79,"column":0},"end":{"line":79,"column":87}},"79":{"start":{"line":80,"column":0},"end":{"line":80,"column":52}},"80":{"start":{"line":81,"column":0},"end":{"line":81,"column":52}},"81":{"start":{"line":82,"column":0},"end":{"line":82,"column":52}},"82":{"start":{"line":83,"column":0},"end":{"line":83,"column":52}},"83":{"start":{"line":84,"column":0},"end":{"line":84,"column":52}},"84":{"start":{"line":85,"column":0},"end":{"line":85,"column":29}},"85":{"start":{"line":86,"column":0},"end":{"line":86,"column":22}},"86":{"start":{"line":87,"column":0},"end":{"line":87,"column":63}},"87":{"start":{"line":88,"column":0},"end":{"line":88,"column":67}},"88":{"start":{"line":89,"column":0},"end":{"line":89,"column":22}},"89":{"start":{"line":90,"column":0},"end":{"line":90,"column":37}},"90":{"start":{"line":91,"column":0},"end":{"line":91,"column":79}},"91":{"start":{"line":92,"column":0},"end":{"line":92,"column":97}},"92":{"start":{"line":93,"column":0},"end":{"line":93,"column":101}},"93":{"start":{"line":94,"column":0},"end":{"line":94,"column":114}},"94":{"start":{"line":95,"column":0},"end":{"line":95,"column":45}},"95":{"start":{"line":96,"column":0},"end":{"line":96,"column":55}},"96":{"start":{"line":97,"column":0},"end":{"line":97,"column":72}},"97":{"start":{"line":98,"column":0},"end":{"line":98,"column":81}},"98":{"start":{"line":99,"column":0},"end":{"line":99,"column":88}},"99":{"start":{"line":100,"column":0},"end":{"line":100,"column":22}},"100":{"start":{"line":101,"column":0},"end":{"line":101,"column":35}},"101":{"start":{"line":102,"column":0},"end":{"line":102,"column":89}},"102":{"start":{"line":103,"column":0},"end":{"line":103,"column":22}},"103":{"start":{"line":104,"column":0},"end":{"line":104,"column":18}},"104":{"start":{"line":105,"column":0},"end":{"line":105,"column":11}},"105":{"start":{"line":106,"column":0},"end":{"line":106,"column":5}},"106":{"start":{"line":107,"column":0},"end":{"line":107,"column":1}}},"s":{"0":1,"1":1,"2":1,"3":1,"4":1,"5":1,"6":1,"7":1,"8":1,"9":1,"10":10,"11":10,"12":10,"13":10,"14":10,"15":10,"16":0,"17":0,"18":0,"19":10,"20":0,"21":0,"22":10,"23":0,"24":0,"25":0,"26":10,"27":10,"28":10,"29":0,"30":0,"31":0,"32":0,"33":0,"34":0,"35":0,"36":0,"37":0,"38":0,"39":0,"40":0,"41":0,"42":0,"43":0,"44":0,"45":0,"46":0,"47":0,"48":0,"49":0,"50":0,"51":0,"52":0,"53":0,"54":0,"55":0,"56":0,"57":0,"58":0,"59":0,"60":0,"61":0,"62":0,"63":0,"64":0,"65":0,"66":0,"67":0,"68":0,"69":0,"70":0,"71":10,"72":10,"73":10,"74":10,"75":10,"76":10,"77":10,"78":10,"79":10,"80":10,"81":10,"82":10,"83":10,"84":10,"85":10,"86":10,"87":10,"88":10,"89":10,"90":10,"91":10,"92":10,"93":10,"94":10,"95":10,"96":1,"97":1,"98":10,"99":10,"100":10,"101":10,"102":10,"103":10,"104":10,"105":10,"106":9},"branchMap":{"0":{"type":"branch","line":10,"loc":{"start":{"line":10,"column":26},"end":{"line":107,"column":1}},"locations":[{"start":{"line":10,"column":26},"end":{"line":107,"column":1}}]},"1":{"type":"branch","line":96,"loc":{"start":{"line":96,"column":48},"end":{"line":96,"column":55}},"locations":[{"start":{"line":96,"column":48},"end":{"line":96,"column":55}}]},"2":{"type":"branch","line":96,"loc":{"start":{"line":96,"column":53},"end":{"line":99,"column":80}},"locations":[{"start":{"line":96,"column":53},"end":{"line":99,"column":80}}]},"3":{"type":"branch","line":97,"loc":{"start":{"line":97,"column":32},"end":{"line":97,"column":52}},"locations":[{"start":{"line":97,"column":32},"end":{"line":97,"column":52}}]},"4":{"type":"branch","line":98,"loc":{"start":{"line":98,"column":35},"end":{"line":98,"column":74}},"locations":[{"start":{"line":98,"column":35},"end":{"line":98,"column":74}}]},"5":{"type":"branch","line":99,"loc":{"start":{"line":99,"column":35},"end":{"line":99,"column":74}},"locations":[{"start":{"line":99,"column":35},"end":{"line":99,"column":74}}]},"6":{"type":"branch","line":107,"loc":{"start":{"line":107,"column":0},"end":{"line":107,"column":1}},"locations":[{"start":{"line":107,"column":0},"end":{"line":107,"column":1}}]}},"b":{"0":[10],"1":[8],"2":[1],"3":[1],"4":[1],"5":[1],"6":[9]},"fnMap":{"0":{"name":"OrderList","decl":{"start":{"line":10,"column":26},"end":{"line":107,"column":1}},"loc":{"start":{"line":10,"column":26},"end":{"line":107,"column":1}},"line":10},"1":{"name":"onOptionChange","decl":{"start":{"line":16,"column":28},"end":{"line":19,"column":5}},"loc":{"start":{"line":16,"column":28},"end":{"line":19,"column":5}},"line":16},"2":{"name":"onInputChange","decl":{"start":{"line":20,"column":27},"end":{"line":22,"column":5}},"loc":{"start":{"line":20,"column":27},"end":{"line":22,"column":5}},"line":20},"3":{"name":"clearOrder","decl":{"start":{"line":23,"column":23},"end":{"line":26,"column":5}},"loc":{"start":{"line":23,"column":23},"end":{"line":26,"column":5}},"line":23},"4":{"name":"createNewOrder","decl":{"start":{"line":29,"column":27},"end":{"line":71,"column":5}},"loc":{"start":{"line":29,"column":27},"end":{"line":71,"column":5}},"line":29},"5":{"name":"onChange","decl":{"start":{"line":77,"column":106},"end":{"line":77,"column":136}},"loc":{"start":{"line":77,"column":106},"end":{"line":77,"column":136}},"line":77},"6":{"name":"onChange","decl":{"start":{"line":79,"column":55},"end":{"line":79,"column":86}},"loc":{"start":{"line":79,"column":55},"end":{"line":79,"column":86}},"line":79},"7":{"name":"onClick","decl":{"start":{"line":102,"column":50},"end":{"line":102,"column":73}},"loc":{"start":{"line":102,"column":50},"end":{"line":102,"column":73}},"line":102},"8":{"name":"get","decl":{"start":{"line":107,"column":0},"end":{"line":107,"column":1}},"loc":{"start":{"line":107,"column":0},"end":{"line":107,"column":1}},"line":107}},"f":{"0":10,"1":0,"2":0,"3":0,"4":0,"5":0,"6":0,"7":0,"8":9}}
,"C:\\Users\\jacqu\\SCL021-burger-queen\\src\\home\\Home.jsx": {"path":"C:\\Users\\jacqu\\SCL021-burger-queen\\src\\home\\Home.jsx","all":false,"statementMap":{"0":{"start":{"line":1,"column":0},"end":{"line":1,"column":26}},"1":{"start":{"line":2,"column":0},"end":{"line":2,"column":48}},"2":{"start":{"line":3,"column":0},"end":{"line":3,"column":20}},"3":{"start":{"line":4,"column":0},"end":{"line":4,"column":27}},"4":{"start":{"line":5,"column":0},"end":{"line":5,"column":12}},"5":{"start":{"line":6,"column":0},"end":{"line":6,"column":31}},"6":{"start":{"line":7,"column":0},"end":{"line":7,"column":43}},"7":{"start":{"line":8,"column":0},"end":{"line":8,"column":38}},"8":{"start":{"line":9,"column":0},"end":{"line":9,"column":46}},"9":{"start":{"line":10,"column":0},"end":{"line":10,"column":56}},"10":{"start":{"line":11,"column":0},"end":{"line":11,"column":54}},"11":{"start":{"line":12,"column":0},"end":{"line":12,"column":18}},"12":{"start":{"line":13,"column":0},"end":{"line":13,"column":18}},"13":{"start":{"line":14,"column":0},"end":{"line":14,"column":5}},"14":{"start":{"line":15,"column":0},"end":{"line":15,"column":2}}},"s":{"0":1,"1":1,"2":1,"3":1,"4":1,"5":1,"6":1,"7":1,"8":1,"9":1,"10":1,"11":1,"12":1,"13":1,"14":1},"branchMap":{"0":{"type":"branch","line":4,"loc":{"start":{"line":4,"column":20},"end":{"line":15,"column":2}},"locations":[{"start":{"line":4,"column":20},"end":{"line":15,"column":2}}]},"1":{"type":"branch","line":15,"loc":{"start":{"line":15,"column":0},"end":{"line":15,"column":2}},"locations":[{"start":{"line":15,"column":0},"end":{"line":15,"column":2}}]}},"b":{"0":[1],"1":[1]},"fnMap":{"0":{"name":"Home","decl":{"start":{"line":4,"column":20},"end":{"line":15,"column":2}},"loc":{"start":{"line":4,"column":20},"end":{"line":15,"column":2}},"line":4},"1":{"name":"get","decl":{"start":{"line":15,"column":0},"end":{"line":15,"column":2}},"loc":{"start":{"line":15,"column":0},"end":{"line":15,"column":2}},"line":15}},"f":{"0":1,"1":1}}
,"C:\\Users\\jacqu\\SCL021-burger-queen\\src\\orders\\Orders.jsx": {"path":"C:\\Users\\jacqu\\SCL021-burger-queen\\src\\orders\\Orders.jsx","all":false,"statementMap":{"0":{"start":{"line":1,"column":0},"end":{"line":1,"column":26}},"1":{"start":{"line":2,"column":0},"end":{"line":2,"column":43}},"2":{"start":{"line":3,"column":0},"end":{"line":3,"column":39}},"3":{"start":{"line":4,"column":0},"end":{"line":4,"column":0}},"4":{"start":{"line":5,"column":0},"end":{"line":5,"column":61}},"5":{"start":{"line":6,"column":0},"end":{"line":6,"column":51}},"6":{"start":{"line":7,"column":0},"end":{"line":7,"column":58}},"7":{"start":{"line":8,"column":0},"end":{"line":8,"column":21}},"8":{"start":{"line":9,"column":0},"end":{"line":9,"column":0}},"9":{"start":{"line":10,"column":0},"end":{"line":10,"column":29}},"10":{"start":{"line":11,"column":0},"end":{"line":11,"column":55}},"11":{"start":{"line":12,"column":0},"end":{"line":12,"column":25}},"12":{"start":{"line":13,"column":0},"end":{"line":13,"column":27}},"13":{"start":{"line":14,"column":0},"end":{"line":14,"column":5}},"14":{"start":{"line":15,"column":0},"end":{"line":15,"column":25}},"15":{"start":{"line":16,"column":0},"end":{"line":16,"column":28}},"16":{"start":{"line":17,"column":0},"end":{"line":17,"column":5}},"17":{"start":{"line":18,"column":0},"end":{"line":18,"column":94}},"18":{"start":{"line":19,"column":0},"end":{"line":19,"column":87}},"19":{"start":{"line":20,"column":0},"end":{"line":20,"column":43}},"20":{"start":{"line":21,"column":0},"end":{"line":21,"column":0}},"21":{"start":{"line":22,"column":0},"end":{"line":22,"column":46}},"22":{"start":{"line":23,"column":0},"end":{"line":23,"column":4}},"23":{"start":{"line":24,"column":0},"end":{"line":24,"column":21}},"24":{"start":{"line":25,"column":0},"end":{"line":25,"column":39}},"25":{"start":{"line":26,"column":0},"end":{"line":26,"column":17}},"26":{"start":{"line":27,"column":0},"end":{"line":27,"column":39}},"27":{"start":{"line":28,"column":0},"end":{"line":28,"column":31}},"28":{"start":{"line":29,"column":0},"end":{"line":29,"column":42}},"29":{"start":{"line":30,"column":0},"end":{"line":30,"column":40}},"30":{"start":{"line":31,"column":0},"end":{"line":31,"column":21}},"31":{"start":{"line":32,"column":0},"end":{"line":32,"column":18}},"32":{"start":{"line":33,"column":0},"end":{"line":33,"column":29}},"33":{"start":{"line":34,"column":0},"end":{"line":34,"column":34}},"34":{"start":{"line":35,"column":0},"end":{"line":35,"column":13}},"35":{"start":{"line":36,"column":0},"end":{"line":36,"column":9}},"36":{"start":{"line":37,"column":0},"end":{"line":37,"column":20}},"37":{"start":{"line":38,"column":0},"end":{"line":38,"column":11}},"38":{"start":{"line":39,"column":0},"end":{"line":39,"column":0}},"39":{"start":{"line":40,"column":0},"end":{"line":40,"column":12}},"40":{"start":{"line":41,"column":0},"end":{"line":41,"column":29}},"41":{"start":{"line":42,"column":0},"end":{"line":42,"column":20}},"42":{"start":{"line":43,"column":0},"end":{"line":43,"column":21}},"43":{"start":{"line":44,"column":0},"end":{"line":44,"column":24}},"44":{"start":{"line":45,"column":0},"end":{"line":45,"column":45}},"45":{"start":{"line":46,"column":0},"end":{"line":46,"column":89}},"46":{"start":{"line":47,"column":0},"end":{"line":47,"column":100}},"47":{"start":{"line":48,"column":0},"end":{"line":48,"column":25}},"48":{"start":{"line":49,"column":0},"end":{"line":49,"column":22}},"49":{"start":{"line":50,"column":0},"end":{"line":50,"column":21}},"50":{"start":{"line":51,"column":0},"end":{"line":51,"column":33}},"51":{"start":{"line":52,"column":0},"end":{"line":52,"column":40}},"52":{"start":{"line":53,"column":0},"end":{"line":53,"column":39}},"53":{"start":{"line":54,"column":0},"end":{"line":54,"column":167}},"54":{"start":{"line":55,"column":0},"end":{"line":55,"column":173}},"55":{"start":{"line":56,"column":0},"end":{"line":56,"column":26}},"56":{"start":{"line":57,"column":0},"end":{"line":57,"column":47}},"57":{"start":{"line":58,"column":0},"end":{"line":58,"column":24}},"58":{"start":{"line":59,"column":0},"end":{"line":59,"column":102}},"59":{"start":{"line":60,"column":0},"end":{"line":60,"column":24}},"60":{"start":{"line":61,"column":0},"end":{"line":61,"column":49}},"61":{"start":{"line":62,"column":0},"end":{"line":62,"column":26}},"62":{"start":{"line":63,"column":0},"end":{"line":63,"column":40}},"63":{"start":{"line":64,"column":0},"end":{"line":64,"column":66}},"64":{"start":{"line":65,"column":0},"end":{"line":65,"column":26}},"65":{"start":{"line":66,"column":0},"end":{"line":66,"column":18}},"66":{"start":{"line":67,"column":0},"end":{"line":67,"column":14}},"67":{"start":{"line":68,"column":0},"end":{"line":68,"column":8}},"68":{"start":{"line":69,"column":0},"end":{"line":69,"column":5}},"69":{"start":{"line":70,"column":0},"end":{"line":70,"column":1}}},"s":{"0":1,"1":1,"2":1,"3":1,"4":1,"5":1,"6":1,"7":1,"8":1,"9":1,"10":10,"11":10,"12":2,"13":2,"14":10,"15":2,"16":2,"17":10,"18":10,"19":10,"20":10,"21":10,"22":10,"23":10,"24":5,"25":5,"26":5,"27":5,"28":5,"29":5,"30":5,"31":5,"32":5,"33":0,"34":0,"35":5,"36":5,"37":10,"38":10,"39":10,"40":10,"41":10,"42":10,"43":10,"44":10,"45":10,"46":10,"47":10,"48":10,"49":10,"50":10,"51":10,"52":10,"53":10,"54":10,"55":10,"56":10,"57":10,"58":10,"59":10,"60":10,"61":10,"62":10,"63":10,"64":10,"65":10,"66":10,"67":10,"68":10,"69":5},"branchMap":{"0":{"type":"branch","line":10,"loc":{"start":{"line":10,"column":22},"end":{"line":70,"column":1}},"locations":[{"start":{"line":10,"column":22},"end":{"line":70,"column":1}}]},"1":{"type":"branch","line":12,"loc":{"start":{"line":12,"column":18},"end":{"line":14,"column":5}},"locations":[{"start":{"line":12,"column":18},"end":{"line":14,"column":5}}]},"2":{"type":"branch","line":15,"loc":{"start":{"line":15,"column":18},"end":{"line":17,"column":5}},"locations":[{"start":{"line":15,"column":18},"end":{"line":17,"column":5}}]},"3":{"type":"branch","line":24,"loc":{"start":{"line":24,"column":14},"end":{"line":38,"column":7}},"locations":[{"start":{"line":24,"column":14},"end":{"line":38,"column":7}}]},"4":{"type":"branch","line":25,"loc":{"start":{"line":25,"column":26},"end":{"line":36,"column":9}},"locations":[{"start":{"line":25,"column":26},"end":{"line":36,"column":9}}]},"5":{"type":"branch","line":32,"loc":{"start":{"line":32,"column":17},"end":{"line":33,"column":14}},"locations":[{"start":{"line":32,"column":17},"end":{"line":33,"column":14}}]},"6":{"type":"branch","line":33,"loc":{"start":{"line":33,"column":12},"end":{"line":35,"column":13}},"locations":[{"start":{"line":33,"column":12},"end":{"line":35,"column":13}}]},"7":{"type":"branch","line":28,"loc":{"start":{"line":28,"column":22},"end":{"line":32,"column":18}},"locations":[{"start":{"line":28,"column":22},"end":{"line":32,"column":18}}]},"8":{"type":"branch","line":70,"loc":{"start":{"line":70,"column":0},"end":{"line":70,"column":1}},"locations":[{"start":{"line":70,"column":0},"end":{"line":70,"column":1}}]}},"b":{"0":[10],"1":[2],"2":[2],"3":[5],"4":[5],"5":[4],"6":[0],"7":[5],"8":[5]},"fnMap":{"0":{"name":"Orders","decl":{"start":{"line":10,"column":22},"end":{"line":70,"column":1}},"loc":{"start":{"line":10,"column":22},"end":{"line":70,"column":1}},"line":10},"1":{"name":"setAm","decl":{"start":{"line":12,"column":18},"end":{"line":14,"column":5}},"loc":{"start":{"line":12,"column":18},"end":{"line":14,"column":5}},"line":12},"2":{"name":"setPm","decl":{"start":{"line":15,"column":18},"end":{"line":17,"column":5}},"loc":{"start":{"line":15,"column":18},"end":{"line":17,"column":5}},"line":15},"3":{"name":"fetchData","decl":{"start":{"line":25,"column":26},"end":{"line":36,"column":9}},"loc":{"start":{"line":25,"column":26},"end":{"line":36,"column":9}},"line":25},"4":{"name":"get","decl":{"start":{"line":70,"column":0},"end":{"line":70,"column":1}},"loc":{"start":{"line":70,"column":0},"end":{"line":70,"column":1}},"line":70}},"f":{"0":10,"1":2,"2":2,"3":5,"4":5}}
,"C:\\Users\\jacqu\\SCL021-burger-queen\\src\\test\\setup.js": {"path":"C:\\Users\\jacqu\\SCL021-burger-queen\\src\\test\\setup.js","all":false,"statementMap":{"0":{"start":{"line":1,"column":0},"end":{"line":1,"column":58}},"1":{"start":{"line":2,"column":0},"end":{"line":2,"column":32}},"2":{"start":{"line":3,"column":0},"end":{"line":3,"column":0}},"3":{"start":{"line":4,"column":0},"end":{"line":4,"column":24}}},"s":{"0":1,"1":1,"2":1,"3":1},"branchMap":{},"b":{},"fnMap":{},"f":{}}
}
